{"level":"info","message":"application on port 3000"}
{"level":"info","message":"application on port 3000"}
info: application on port 3000
info: application on port 3000
info: application on port 3000
info: application on port 3000
info: application on port 3000
info: application on port 3000
info: application on port 3000
info: application on port 3000
info: application on port 3000
info: application on port 3000
info: application on port 3000
info: application on port 3000

[2022-03-16T20:11:37.822Z]
[2022-03-16T20:11:52.026Z] 
[2022-03-16T20:11:54.382Z] $
[2022-03-16T20:11:57.856Z] 
[2022-03-16T20:12:11.853Z] info
[2022-03-16T20:12:22.557Z] info
[2022-03-16T20:12:29.927Z] info application on port 3000
[undefined] info application on port 3000
[2022-03-16T20:13:00.068Z] info application on port 3000
[2022-03-16T20:14:27.397Z] info application on port 3000
[2022-03-16T20:39:14.588Z] info application on port 3000
[2022-03-16T20:39:21.790Z] info application on port 3000
[2022-03-16T20:39:25.651Z] info application on port 3000
[2022-03-16T20:45:29.862Z] info application on port 3000
